<?xml version="1.0" encoding="UTF-8"?>
<!-- Generated by org.testng.reporters.JUnitReportReporter -->
<testsuite skipped="0" hostname="Tetianas-MacBook-Pro.local" name="com.class03.Task1" tests="3" failures="0" timestamp="06 Jun 2019 01:34:41 GMT" time="5.630" errors="0">
  <testcase name="userTwo" time="1.803" classname="com.class03.Task1"/>
  <testcase name="userOne" time="2.096" classname="com.class03.Task1"/>
  <testcase name="userThree" time="1.731" classname="com.class03.Task1"/>
</testsuite> <!-- com.class03.Task1 -->
