<?xml version="1.0" encoding="UTF-8"?>
<!-- Generated by org.testng.reporters.JUnitReportReporter -->
<testsuite skipped="0" hostname="Tetianas-MacBook-Pro.local" name="com.class01.Task" tests="1" failures="0" timestamp="30 May 2019 19:48:19 GMT" time="2.937" errors="0">
  <testcase name="task" time="2.937" classname="com.class01.Task"/>
</testsuite> <!-- com.class01.Task -->
