<?xml version="1.0" encoding="UTF-8"?>
<!-- Generated by org.testng.reporters.JUnitReportReporter -->
<testsuite skipped="0" hostname="Tetianas-MacBook-Pro.local" name="com.class02.HomeWork" tests="8" failures="0" timestamp="06 Jun 2019 01:05:24 GMT" time="5.026" errors="0">
  <testcase name="aVerifyLogIn" time="0.007" classname="com.class02.HomeWork"/>
  <testcase name="login" time="0.935" classname="com.class02.HomeWork"/>
  <testcase name="aPimLinkAndAdd" time="0.735" classname="com.class02.HomeWork"/>
  <testcase name="cVerifyEmployee" time="0.000" classname="com.class02.HomeWork"/>
  <testcase name="bDetailsAndSave" time="1.787" classname="com.class02.HomeWork"/>
  <testcase name="aPimLinkAndEmployeeList" time="1.201" classname="com.class02.HomeWork"/>
  <testcase name="cVerifyEmployeeDetails" time="0.121" classname="com.class02.HomeWork"/>
  <testcase name="bEmployeeById" time="0.240" classname="com.class02.HomeWork"/>
</testsuite> <!-- com.class02.HomeWork -->
