<?xml version="1.0" encoding="UTF-8"?>
<!-- Generated by org.testng.reporters.JUnitReportReporter -->
<testsuite skipped="0" hostname="Tetianas-MacBook-Pro.local" name="com.class01.BeforeAndAfterMethod" tests="2" failures="0" timestamp="29 May 2019 01:30:35 GMT" time="0.008" errors="0">
  <testcase name="testMethod1" time="0.004" classname="com.class01.BeforeAndAfterMethod"/>
  <testcase name="testMethod2" time="0.004" classname="com.class01.BeforeAndAfterMethod"/>
</testsuite> <!-- com.class01.BeforeAndAfterMethod -->
