<?xml version="1.0" encoding="UTF-8"?>
<!-- Generated by org.testng.reporters.JUnitReportReporter -->
<testsuite skipped="0" hostname="Tetianas-MacBook-Pro.local" name="com.class03.BasicXMLPartTwo" tests="6" failures="0" timestamp="06 Jun 2019 18:12:36 GMT" time="0.004" errors="0">
  <testcase name="testOneFromBasic2" time="0.001" classname="com.class03.BasicXMLPartTwo"/>
  <testcase name="testOneFromBasic2" time="0.001" classname="com.class03.BasicXMLPartTwo"/>
  <testcase name="testThreeFromBasic2" time="0.000" classname="com.class03.BasicXMLPartTwo"/>
  <testcase name="testThreeFromBasic2" time="0.000" classname="com.class03.BasicXMLPartTwo"/>
  <testcase name="testTwoFromBasic2" time="0.001" classname="com.class03.BasicXMLPartTwo"/>
  <testcase name="testTwoFromBasic2" time="0.001" classname="com.class03.BasicXMLPartTwo"/>
</testsuite> <!-- com.class03.BasicXMLPartTwo -->
