<?xml version="1.0" encoding="UTF-8"?>
<!-- Generated by org.testng.reporters.JUnitReportReporter -->
<testsuite skipped="0" hostname="Tetianas-MacBook-Pro.local" name="com.class03.BasicXMLPartOne" tests="6" failures="0" timestamp="06 Jun 2019 18:12:36 GMT" time="0.010" errors="0">
  <testcase name="testTwoFromBasic1" time="0.000" classname="com.class03.BasicXMLPartOne"/>
  <testcase name="testOneFromBasic1" time="0.006" classname="com.class03.BasicXMLPartOne"/>
  <testcase name="testTwoFromBasic1" time="0.001" classname="com.class03.BasicXMLPartOne"/>
  <testcase name="testOneFromBasic1" time="0.001" classname="com.class03.BasicXMLPartOne"/>
  <testcase name="testThreeFromBasic1" time="0.001" classname="com.class03.BasicXMLPartOne"/>
  <testcase name="testThreeFromBasic1" time="0.001" classname="com.class03.BasicXMLPartOne"/>
</testsuite> <!-- com.class03.BasicXMLPartOne -->
