<?xml version="1.0" encoding="UTF-8"?>
<!-- Generated by org.testng.reporters.JUnitReportReporter -->
<testsuite skipped="0" hostname="Tetianas-MacBook-Pro.local" name="com.class04.ParametersTask3" tests="2" failures="0" timestamp="07 Jun 2019 01:38:36 GMT" time="10.148" errors="0">
  <testcase name="userName2" time="2.784" classname="com.class04.ParametersTask3"/>
  <testcase name="userName1" time="7.364" classname="com.class04.ParametersTask3"/>
</testsuite> <!-- com.class04.ParametersTask3 -->
