<?xml version="1.0" encoding="UTF-8"?>
<!-- Generated by org.testng.reporters.JUnitReportReporter -->
<testsuite skipped="0" hostname="Tetianas-MacBook-Pro.local" name="com.class01.Task3" tests="3" failures="0" timestamp="30 May 2019 23:35:11 GMT" time="0.006" errors="0">
  <testcase name="testT" time="0.004" classname="com.class01.Task3"/>
  <testcase name="testT3" time="0.001" classname="com.class01.Task3"/>
  <testcase name="testT2" time="0.001" classname="com.class01.Task3"/>
</testsuite> <!-- com.class01.Task3 -->
