<?xml version="1.0" encoding="UTF-8"?>
<!-- Generated by org.testng.reporters.JUnitReportReporter -->
<testsuite skipped="0" hostname="Tetianas-MBP.fios-router.home" name="com.class02.priorityExample" tests="2" failures="0" timestamp="31 May 2019 16:06:45 GMT" time="3.490" errors="0">
  <testcase name="login" time="1.460" classname="com.class02.priorityExample"/>
  <testcase name="mainPage" time="2.030" classname="com.class02.priorityExample"/>
</testsuite> <!-- com.class02.priorityExample -->
