<?xml version="1.0" encoding="UTF-8"?>
<!-- Generated by org.testng.reporters.JUnitReportReporter -->
<testsuite skipped="0" hostname="Tetianas-MacBook-Pro.local" name="com.class01.Task2" tests="3" failures="0" timestamp="30 May 2019 21:39:46 GMT" time="0.010" errors="0">
  <testcase name="testThird" time="0.004" classname="com.class01.Task2"/>
  <testcase name="testFirst" time="0.004" classname="com.class01.Task2"/>
  <testcase name="testZSecond" time="0.002" classname="com.class01.Task2"/>
</testsuite> <!-- com.class01.Task2 -->
