<?xml version="1.0" encoding="UTF-8"?>
<!-- Generated by org.testng.reporters.JUnitReportReporter -->
<testsuite skipped="0" hostname="Tetianas-MacBook-Pro.local" name="com.class03.NewToursExample" tests="1" failures="0" timestamp="06 Jun 2019 23:44:22 GMT" time="1.766" errors="0">
  <testcase name="userInformation" time="1.766" classname="com.class03.NewToursExample"/>
</testsuite> <!-- com.class03.NewToursExample -->
