<?xml version="1.0" encoding="UTF-8"?>
<!-- Generated by org.testng.reporters.JUnitReportReporter -->
<testsuite skipped="0" hostname="Tetianas-MacBook-Pro.local" name="com.class03.taskOne" tests="2" failures="0" timestamp="06 Jun 2019 19:07:53 GMT" time="6.440" errors="0">
  <testcase name="personOneLogin" time="0.708" classname="com.class03.taskOne"/>
  <testcase name="personFourLogin" time="5.732" classname="com.class03.taskOne"/>
</testsuite> <!-- com.class03.taskOne -->
