<?xml version="1.0" encoding="UTF-8"?>
<!-- Generated by org.testng.reporters.JUnitReportReporter -->
<testsuite skipped="0" hostname="Tetianas-MacBook-Pro.local" name="com.class04.SauseDemoTask" tests="2" failures="0" timestamp="07 Jun 2019 00:18:57 GMT" time="9.247" errors="0">
  <testcase name="logIn2" time="1.999" classname="com.class04.SauseDemoTask"/>
  <testcase name="logIn" time="7.248" classname="com.class04.SauseDemoTask"/>
</testsuite> <!-- com.class04.SauseDemoTask -->
