<?xml version="1.0" encoding="UTF-8"?>
<!-- Generated by org.testng.reporters.JUnitReportReporter -->
<testsuite skipped="0" hostname="Tetianas-MacBook-Pro.local" name="com.class01.NewTest" tests="2" failures="0" timestamp="30 May 2019 22:13:35 GMT" time="0.005" errors="0">
  <testcase name="f" time="0.001" classname="com.class01.NewTest"/>
  <testcase name="f" time="0.004" classname="com.class01.NewTest"/>
</testsuite> <!-- com.class01.NewTest -->
