<?xml version="1.0" encoding="UTF-8"?>
<!-- Generated by org.testng.reporters.JUnitReportReporter -->
<testsuite skipped="0" hostname="Tetianas-MacBook-Pro.local" name="com.class02.priority" tests="4" failures="0" timestamp="30 May 2019 23:09:27 GMT" time="0.007" errors="0">
  <testcase name="first" time="0.005" classname="com.class02.priority"/>
  <testcase name="second" time="0.001" classname="com.class02.priority"/>
  <testcase name="third" time="0.001" classname="com.class02.priority"/>
  <testcase name="forth" time="0.000" classname="com.class02.priority"/>
</testsuite> <!-- com.class02.priority -->
