<?xml version="1.0" encoding="UTF-8"?>
<!-- Generated by org.testng.reporters.JUnitReportReporter -->
<testsuite skipped="2" hostname="Tetianas-MacBook-Pro.local" name="com.class02.enabledAndDisabled" tests="4" failures="0" timestamp="30 May 2019 23:42:20 GMT" time="0.006" errors="0">
  <testcase name="forth" time="0.005" classname="com.class02.enabledAndDisabled"/>
  <testcase name="second" time="0.001" classname="com.class02.enabledAndDisabled"/>
  <testcase name="third" classname="com.class02.enabledAndDisabled">
    <skipped/>
  </testcase> <!-- third -->
  <testcase name="first" classname="com.class02.enabledAndDisabled">
    <skipped/>
  </testcase> <!-- first -->
</testsuite> <!-- com.class02.enabledAndDisabled -->
