<?xml version="1.0" encoding="UTF-8"?>
<!-- Generated by org.testng.reporters.JUnitReportReporter -->
<testsuite skipped="0" hostname="Tetianas-MacBook-Pro.local" name="com.class03.MethodsExample" tests="3" failures="0" timestamp="06 Jun 2019 18:14:16 GMT" time="0.007" errors="0">
  <testcase name="Three" time="0.001" classname="com.class03.MethodsExample"/>
  <testcase name="Two" time="0.000" classname="com.class03.MethodsExample"/>
  <testcase name="One" time="0.006" classname="com.class03.MethodsExample"/>
</testsuite> <!-- com.class03.MethodsExample -->
